<html>
<head>
<title>TestNG:  Surefire test</title>
<link href="../testng.css" rel="stylesheet" type="text/css" />
<link href="../my-testng.css" rel="stylesheet" type="text/css" />

<style type="text/css">
.log { display: none;} 
.stack-trace { display: none;} 
</style>
<script type="text/javascript">
<!--
function flip(e) {
  current = e.style.display;
  if (current == 'block') {
    e.style.display = 'none';
    return 0;
  }
  else {
    e.style.display = 'block';
    return 1;
  }
}

function toggleBox(szDivId, elem, msg1, msg2)
{
  var res = -1;  if (document.getElementById) {
    res = flip(document.getElementById(szDivId));
  }
  else if (document.all) {
    // this is the way old msie versions work
    res = flip(document.all[szDivId]);
  }
  if(elem) {
    if(res == 0) elem.innerHTML = msg1; else elem.innerHTML = msg2;
  }

}

function toggleAllBoxes() {
  if (document.getElementsByTagName) {
    d = document.getElementsByTagName('div');
    for (i = 0; i < d.length; i++) {
      if (d[i].className == 'log') {
        flip(d[i]);
      }
    }
  }
}

// -->
</script>

</head>
<body>
<h2 align='center'>Surefire test</h2><table border='1' align="center">
<tr>
<td>Tests passed/Failed/Skipped:</td><td>10/2/0</td>
</tr><tr>
<td>Started on:</td><td>Thu Feb 22 19:28:23 WET 2024</td>
</tr>
<tr><td>Total time:</td><td>12 seconds (12850 ms)</td>
</tr><tr>
<td>Included groups:</td><td></td>
</tr><tr>
<td>Excluded groups:</td><td></td>
</tr>
</table><p/>
<small><i>(Hover the method name to see the test class name)</i></small><p/>
<table width='100%' border='1' class='invocation-failed'>
<tr><td colspan='4' align='center'><b>FAILED TESTS</b></td></tr>
<tr><td><b>Test method</b></td>
<td><b>Attribute(s)</b></td>
<td width="30%"><b>Exception</b></td>
<td width="10%"><b>Time (seconds)</b></td>
<td><b>Instance</b></td>
</tr>
<tr>
<td title='PetStoreCreBDD.TestRunner.runScenario()'><b>runScenario</b><br>Test class: PetStoreCreBDD.TestRunner<br>Test method: Runs Cucumber Scenarios<br>Parameters: "Search for a product", "Search"</td>
<td><div><pre>org.openqa.selenium.NoSuchSessionException: Session ID is null. Using WebDriver after calling quit()?
Build info: version: &apos;4.17.0&apos;, revision: &apos;e52b1be057*&apos;
System info: os.name: &apos;Windows 11&apos;, os.arch: &apos;amd64&apos;, os.version: &apos;10.0&apos;, java.version: &apos;21.0.1&apos;
Driver info: org.openqa.selenium.chrome.ChromeDriver
Command: [null, get {url=https://petstore.octoperf.com/actions/Catalog.action}]
Capabilities {acceptInsecureCerts: false, browserName: chrome, browserVersion: 122.0.6261.57, chrome: {chromedriverVersion: 122.0.6261.57 (87957e464700..., userDataDir: C:\Users\Ricardo\AppData\Lo...}, fedcm:accounts: true, goog:chromeOptions: {debuggerAddress: localhost:54984}, networkConnectionEnabled: false, pageLoadStrategy: normal, platformName: windows, proxy: Proxy(), se:cdp: ws://localhost:54984/devtoo..., se:cdpVersion: 122.0.6261.57, setWindowRect: true, strictFileInteractability: false, timeouts: {implicit: 0, pageLoad: 300000, script: 30000}, unhandledPromptBehavior: dismiss and notify, webauthn:extension:credBlob: true, webauthn:extension:largeBlob: true, webauthn:extension:minPinLength: true, webauthn:extension:prf: true, webauthn:virtualAuthenticators: true}
	at org.openqa.selenium.remote.HttpCommandExecutor.execute(HttpCommandExecutor.java:151)
	at org.openqa.selenium.remote.service.DriverCommandExecutor.invokeExecute(DriverCommandExecutor.java:216)
	at org.openqa.selenium.remote.service.DriverCommandExecutor.execute(DriverCommandExecutor.java:174)
	at org.openqa.selenium.remote.RemoteWebDriver.execute(RemoteWebDriver.java:519)
	at org.openqa.selenium.remote.RemoteWebDriver.get(RemoteWebDriver.java:301)
	at PageObjects.HomePage.goToHomePage(HomePage.java:24)
	at PetStoreCreBDD.steps.SearchAndViewProductTest.I_am_at_the_homepage(SearchAndViewProductTest.java:32)
	at ✽.I am at the homepage(file:///C:/Users/Ricardo/eclipse-workspace/PetStoreCRE/src/test/resources/SearchAndViewProduct.feature:18)
</pre></div><a href='#' onClick='toggleBox("stack-trace1121572141", this, "Click to show all stack frames", "Click to hide stack frames")'>Click to show all stack frames</a>
<div class='stack-trace' id='stack-trace1121572141'><pre>org.openqa.selenium.NoSuchSessionException: Session ID is null. Using WebDriver after calling quit()?
Build info: version: &apos;4.17.0&apos;, revision: &apos;e52b1be057*&apos;
System info: os.name: &apos;Windows 11&apos;, os.arch: &apos;amd64&apos;, os.version: &apos;10.0&apos;, java.version: &apos;21.0.1&apos;
Driver info: org.openqa.selenium.chrome.ChromeDriver
Command: [null, get {url=https://petstore.octoperf.com/actions/Catalog.action}]
Capabilities {acceptInsecureCerts: false, browserName: chrome, browserVersion: 122.0.6261.57, chrome: {chromedriverVersion: 122.0.6261.57 (87957e464700..., userDataDir: C:\Users\Ricardo\AppData\Lo...}, fedcm:accounts: true, goog:chromeOptions: {debuggerAddress: localhost:54984}, networkConnectionEnabled: false, pageLoadStrategy: normal, platformName: windows, proxy: Proxy(), se:cdp: ws://localhost:54984/devtoo..., se:cdpVersion: 122.0.6261.57, setWindowRect: true, strictFileInteractability: false, timeouts: {implicit: 0, pageLoad: 300000, script: 30000}, unhandledPromptBehavior: dismiss and notify, webauthn:extension:credBlob: true, webauthn:extension:largeBlob: true, webauthn:extension:minPinLength: true, webauthn:extension:prf: true, webauthn:virtualAuthenticators: true}
	at org.openqa.selenium.remote.HttpCommandExecutor.execute(HttpCommandExecutor.java:151)
	at org.openqa.selenium.remote.service.DriverCommandExecutor.invokeExecute(DriverCommandExecutor.java:216)
	at org.openqa.selenium.remote.service.DriverCommandExecutor.execute(DriverCommandExecutor.java:174)
	at org.openqa.selenium.remote.RemoteWebDriver.execute(RemoteWebDriver.java:519)
	at org.openqa.selenium.remote.RemoteWebDriver.get(RemoteWebDriver.java:301)
	at PageObjects.HomePage.goToHomePage(HomePage.java:24)
	at PetStoreCreBDD.steps.SearchAndViewProductTest.I_am_at_the_homepage(SearchAndViewProductTest.java:32)
	at ✽.I am at the homepage(file:///C:/Users/Ricardo/eclipse-workspace/PetStoreCRE/src/test/resources/SearchAndViewProduct.feature:18)
</pre></div></td>
<td>0</td>
<td>PetStoreCreBDD.TestRunner@498d318c</td></tr>
<tr>
<td title='PetStoreCreBDD.TestRunner.runScenario()'><b>runScenario</b><br>Test class: PetStoreCreBDD.TestRunner<br>Test method: Runs Cucumber Scenarios<br>Parameters: "Finalize a Order with an Item in the Cart", "Finalize a Order"</td>
<td><div><pre>org.openqa.selenium.NoSuchSessionException: Session ID is null. Using WebDriver after calling quit()?
Build info: version: &apos;4.17.0&apos;, revision: &apos;e52b1be057*&apos;
System info: os.name: &apos;Windows 11&apos;, os.arch: &apos;amd64&apos;, os.version: &apos;10.0&apos;, java.version: &apos;21.0.1&apos;
Driver info: org.openqa.selenium.chrome.ChromeDriver
Command: [null, findElement {value=/html[1]/body[1]/div[2]/div[2]/table[1]/tbody[1]/tr[2]/td[1]/a[1], using=xpath}]
Capabilities {acceptInsecureCerts: false, browserName: chrome, browserVersion: 122.0.6261.57, chrome: {chromedriverVersion: 122.0.6261.57 (87957e464700..., userDataDir: C:\Users\Ricardo\AppData\Lo...}, fedcm:accounts: true, goog:chromeOptions: {debuggerAddress: localhost:54984}, networkConnectionEnabled: false, pageLoadStrategy: normal, platformName: windows, proxy: Proxy(), se:cdp: ws://localhost:54984/devtoo..., se:cdpVersion: 122.0.6261.57, setWindowRect: true, strictFileInteractability: false, timeouts: {implicit: 0, pageLoad: 300000, script: 30000}, unhandledPromptBehavior: dismiss and notify, webauthn:extension:credBlob: true, webauthn:extension:largeBlob: true, webauthn:extension:minPinLength: true, webauthn:extension:prf: true, webauthn:virtualAuthenticators: true}
	at org.openqa.selenium.remote.HttpCommandExecutor.execute(HttpCommandExecutor.java:151)
	at org.openqa.selenium.remote.service.DriverCommandExecutor.invokeExecute(DriverCommandExecutor.java:216)
	at org.openqa.selenium.remote.service.DriverCommandExecutor.execute(DriverCommandExecutor.java:174)
	at org.openqa.selenium.remote.RemoteWebDriver.execute(RemoteWebDriver.java:519)
	at org.openqa.selenium.remote.ElementLocation$ElementFinder$2.findElement(ElementLocation.java:165)
	at org.openqa.selenium.remote.ElementLocation.findElement(ElementLocation.java:59)
	at org.openqa.selenium.remote.RemoteWebDriver.findElement(RemoteWebDriver.java:356)
	at org.openqa.selenium.remote.RemoteWebDriver.findElement(RemoteWebDriver.java:350)
	at org.openqa.selenium.support.ui.ExpectedConditions$7.apply(ExpectedConditions.java:194)
	at org.openqa.selenium.support.ui.ExpectedConditions$7.apply(ExpectedConditions.java:190)
	at org.openqa.selenium.support.ui.ExpectedConditions$22.apply(ExpectedConditions.java:627)
	at org.openqa.selenium.support.ui.ExpectedConditions$22.apply(ExpectedConditions.java:624)
	at org.openqa.selenium.support.ui.FluentWait.until(FluentWait.java:203)
	at PageObjects.ProductPage.clickOnFirstProduct(ProductPage.java:32)
	at PetStoreCreBDD.steps.FinalizeOrderTest.Given_I_have_added_a_Product_in_the_Cart(FinalizeOrderTest.java:37)
	at ✽.I have added a Product in the Cart(file:///C:/Users/Ricardo/eclipse-workspace/PetStoreCRE/src/test/resources/FinalizeOrder.feature:7)
</pre></div><a href='#' onClick='toggleBox("stack-trace1461357725", this, "Click to show all stack frames", "Click to hide stack frames")'>Click to show all stack frames</a>
<div class='stack-trace' id='stack-trace1461357725'><pre>org.openqa.selenium.NoSuchSessionException: Session ID is null. Using WebDriver after calling quit()?
Build info: version: &apos;4.17.0&apos;, revision: &apos;e52b1be057*&apos;
System info: os.name: &apos;Windows 11&apos;, os.arch: &apos;amd64&apos;, os.version: &apos;10.0&apos;, java.version: &apos;21.0.1&apos;
Driver info: org.openqa.selenium.chrome.ChromeDriver
Command: [null, findElement {value=/html[1]/body[1]/div[2]/div[2]/table[1]/tbody[1]/tr[2]/td[1]/a[1], using=xpath}]
Capabilities {acceptInsecureCerts: false, browserName: chrome, browserVersion: 122.0.6261.57, chrome: {chromedriverVersion: 122.0.6261.57 (87957e464700..., userDataDir: C:\Users\Ricardo\AppData\Lo...}, fedcm:accounts: true, goog:chromeOptions: {debuggerAddress: localhost:54984}, networkConnectionEnabled: false, pageLoadStrategy: normal, platformName: windows, proxy: Proxy(), se:cdp: ws://localhost:54984/devtoo..., se:cdpVersion: 122.0.6261.57, setWindowRect: true, strictFileInteractability: false, timeouts: {implicit: 0, pageLoad: 300000, script: 30000}, unhandledPromptBehavior: dismiss and notify, webauthn:extension:credBlob: true, webauthn:extension:largeBlob: true, webauthn:extension:minPinLength: true, webauthn:extension:prf: true, webauthn:virtualAuthenticators: true}
	at org.openqa.selenium.remote.HttpCommandExecutor.execute(HttpCommandExecutor.java:151)
	at org.openqa.selenium.remote.service.DriverCommandExecutor.invokeExecute(DriverCommandExecutor.java:216)
	at org.openqa.selenium.remote.service.DriverCommandExecutor.execute(DriverCommandExecutor.java:174)
	at org.openqa.selenium.remote.RemoteWebDriver.execute(RemoteWebDriver.java:519)
	at org.openqa.selenium.remote.ElementLocation$ElementFinder$2.findElement(ElementLocation.java:165)
	at org.openqa.selenium.remote.ElementLocation.findElement(ElementLocation.java:59)
	at org.openqa.selenium.remote.RemoteWebDriver.findElement(RemoteWebDriver.java:356)
	at org.openqa.selenium.remote.RemoteWebDriver.findElement(RemoteWebDriver.java:350)
	at org.openqa.selenium.support.ui.ExpectedConditions$7.apply(ExpectedConditions.java:194)
	at org.openqa.selenium.support.ui.ExpectedConditions$7.apply(ExpectedConditions.java:190)
	at org.openqa.selenium.support.ui.ExpectedConditions$22.apply(ExpectedConditions.java:627)
	at org.openqa.selenium.support.ui.ExpectedConditions$22.apply(ExpectedConditions.java:624)
	at org.openqa.selenium.support.ui.FluentWait.until(FluentWait.java:203)
	at PageObjects.ProductPage.clickOnFirstProduct(ProductPage.java:32)
	at PetStoreCreBDD.steps.FinalizeOrderTest.Given_I_have_added_a_Product_in_the_Cart(FinalizeOrderTest.java:37)
	at ✽.I have added a Product in the Cart(file:///C:/Users/Ricardo/eclipse-workspace/PetStoreCRE/src/test/resources/FinalizeOrder.feature:7)
</pre></div></td>
<td>7</td>
<td>PetStoreCreBDD.TestRunner@498d318c</td></tr>
</table><p>
<table width='100%' border='1' class='invocation-passed'>
<tr><td colspan='4' align='center'><b>PASSED TESTS</b></td></tr>
<tr><td><b>Test method</b></td>
<td><b>Attribute(s)</b></td>
<td width="30%"><b>Exception</b></td>
<td width="10%"><b>Time (seconds)</b></td>
<td><b>Instance</b></td>
</tr>
<tr>
<td title='PetStoreCreBDD.TestRunner.runScenario()'><b>runScenario</b><br>Test class: PetStoreCreBDD.TestRunner<br>Test method: Runs Cucumber Scenarios<br>Parameters: "Add one item to cart", "Add to cart"</td>
<td></td>
<td>11</td>
<td>PetStoreCreBDD.TestRunner@498d318c</td></tr>
<tr>
<td title='PetStoreCreBDD.TestRunner.runScenario()'><b>runScenario</b><br>Test class: PetStoreCreBDD.TestRunner<br>Test method: Runs Cucumber Scenarios<br>Parameters: "Login user with valid data", "Login into the website"</td>
<td></td>
<td>6</td>
<td>PetStoreCreBDD.TestRunner@498d318c</td></tr>
<tr>
<td title='PetStoreCreBDD.TestRunner.runScenario()'><b>runScenario</b><br>Test class: PetStoreCreBDD.TestRunner<br>Test method: Runs Cucumber Scenarios<br>Parameters: "Login user with valid data", "Login into the website"</td>
<td></td>
<td>3</td>
<td>PetStoreCreBDD.TestRunner@498d318c</td></tr>
<tr>
<td title='PetStoreCreBDD.TestRunner.runScenario()'><b>runScenario</b><br>Test class: PetStoreCreBDD.TestRunner<br>Test method: Runs Cucumber Scenarios<br>Parameters: "Register a new user with valid data", "Register a new user in the website"</td>
<td></td>
<td>6</td>
<td>PetStoreCreBDD.TestRunner@498d318c</td></tr>
<tr>
<td title='PetStoreCreBDD.TestRunner.runScenario()'><b>runScenario</b><br>Test class: PetStoreCreBDD.TestRunner<br>Test method: Runs Cucumber Scenarios<br>Parameters: "Register a new user with valid data", "Register a new user in the website"</td>
<td></td>
<td>4</td>
<td>PetStoreCreBDD.TestRunner@498d318c</td></tr>
<tr>
<td title='PetStoreCreBDD.TestRunner.runScenario()'><b>runScenario</b><br>Test class: PetStoreCreBDD.TestRunner<br>Test method: Runs Cucumber Scenarios<br>Parameters: "Add one item to cart", "Add to cart"</td>
<td></td>
<td>8</td>
<td>PetStoreCreBDD.TestRunner@498d318c</td></tr>
<tr>
<td title='PetStoreCreBDD.TestRunner.runScenario()'><b>runScenario</b><br>Test class: PetStoreCreBDD.TestRunner<br>Test method: Runs Cucumber Scenarios<br>Parameters: "Finalize a Order with an Item in the Cart", "Finalize a Order"</td>
<td></td>
<td>11</td>
<td>PetStoreCreBDD.TestRunner@498d318c</td></tr>
<tr>
<td title='PetStoreCreBDD.TestRunner.runScenario()'><b>runScenario</b><br>Test class: PetStoreCreBDD.TestRunner<br>Test method: Runs Cucumber Scenarios<br>Parameters: "Add one item to cart", "Add to cart"</td>
<td></td>
<td>8</td>
<td>PetStoreCreBDD.TestRunner@498d318c</td></tr>
<tr>
<td title='PetStoreCreBDD.TestRunner.runScenario()'><b>runScenario</b><br>Test class: PetStoreCreBDD.TestRunner<br>Test method: Runs Cucumber Scenarios<br>Parameters: "Add one item to cart", "Add to cart"</td>
<td></td>
<td>11</td>
<td>PetStoreCreBDD.TestRunner@498d318c</td></tr>
<tr>
<td title='PetStoreCreBDD.TestRunner.runScenario()'><b>runScenario</b><br>Test class: PetStoreCreBDD.TestRunner<br>Test method: Runs Cucumber Scenarios<br>Parameters: "Search for a product", "Search"</td>
<td></td>
<td>0</td>
<td>PetStoreCreBDD.TestRunner@498d318c</td></tr>
</table><p>
</body>
</html>